<?xml version="1.0" encoding="UTF-8"?>
<testng-results ignored="0" total="2" passed="2" failed="0" skipped="0">
  <reporter-output>
  </reporter-output>
  <suite started-at="2025-01-20T17:01:15 AST" name="Default suite" finished-at="2025-01-20T17:01:32 AST" duration-ms="16656">
    <groups>
    </groups>
    <test started-at="2025-01-20T17:01:15 AST" name="Default test" finished-at="2025-01-20T17:01:32 AST" duration-ms="16656">
      <class name="com.opiglo.TestScripts.Registration">
        <test-method signature="fullRegistration()[pri:0, instance:com.opiglo.TestScripts.Registration@61df66b6]" started-at="2025-01-20T17:01:15 AST" name="fullRegistration" finished-at="2025-01-20T17:01:15 AST" duration-ms="22" status="PASS">
          <reporter-output>
          </reporter-output>
        </test-method> <!-- fullRegistration -->
        <test-method signature="registration()[pri:0, instance:com.opiglo.TestScripts.Registration@61df66b6]" started-at="2025-01-20T17:01:15 AST" name="registration" finished-at="2025-01-20T17:01:32 AST" duration-ms="16547" status="PASS">
          <reporter-output>
          </reporter-output>
        </test-method> <!-- registration -->
      </class> <!-- com.opiglo.TestScripts.Registration -->
    </test> <!-- Default test -->
  </suite> <!-- Default suite -->
</testng-results>
